\BOOKMARK [0][-]{chapter.1}{\376\377\000D\000i\000a\000c\000a\000m\000m\000a\000\040\000A\000s\000s\000o}{}% 1
\BOOKMARK [1][-]{section.1.1}{\376\377\000P\000r\000\351\000s\000e\000n\000t\000a\000t\000i\000o\000n}{chapter.1}% 2
\BOOKMARK [2][-]{subsection.1.1.1}{\376\377\000D\000e\000s\000c\000r\000i\000p\000t\000i\000o\000n}{section.1.1}% 3
\BOOKMARK [2][-]{subsection.1.1.2}{\376\377\000I\000n\000s\000t\000a\000l\000l\000a\000t\000i\000o\000n}{section.1.1}% 4
\BOOKMARK [2][-]{subsection.1.1.3}{\376\377\000A\000i\000d\000e\000s\000\040\000e\000t\000\040\000s\000u\000p\000p\000o\000r\000t}{section.1.1}% 5
\BOOKMARK [1][-]{section.1.2}{\376\377\000P\000r\000i\000s\000e\000\040\000e\000n\000\040\000m\000a\000i\000n}{chapter.1}% 6
\BOOKMARK [2][-]{subsection.1.2.1}{\376\377\000V\000\351\000r\000i\000f\000i\000e\000z\000\040\000l\000a\000\040\000m\000i\000s\000e\000\040\000\340\000\040\000j\000o\000u\000r\000s\000\040\000d\000e\000\040\000v\000o\000t\000r\000e\000\040\000l\000o\000g\000i\000c\000i\000e\000l}{section.1.2}% 7
\BOOKMARK [2][-]{subsection.1.2.2}{\376\377\000P\000r\000\351\000s\000e\000n\000t\000a\000t\000i\000o\000n\000\040\000d\000e\000\040\000v\000o\000t\000r\000e\000\040\000s\000t\000r\000u\000c\000t\000u\000r\000e\000s}{section.1.2}% 8
\BOOKMARK [2][-]{subsection.1.2.3}{\376\377\000G\000e\000s\000t\000i\000o\000n\000\040\000d\000e\000s\000\040\000a\000d\000h\000\351\000r\000e\000n\000t\000s\000\040\000:\000\040\000l\000a\000\040\000s\000a\000i\000s\000o\000n\000\040\000e\000t\000\040\000l\000e\000s\000\040\000c\000o\000t\000i\000s\000a\000t\000i\000o\000n\000s}{section.1.2}% 9
\BOOKMARK [2][-]{subsection.1.2.4}{\376\377\000G\000e\000s\000t\000i\000o\000n\000\040\000d\000e\000s\000\040\000a\000d\000h\000\351\000r\000e\000n\000t\000s\000\040\000:\000\040\000a\000c\000t\000i\000v\000i\000t\000\351\000s\000\040\000e\000t\000\040\000\351\000q\000u\000i\000p\000e\000s}{section.1.2}% 10
\BOOKMARK [2][-]{subsection.1.2.5}{\376\377\000R\000\351\000g\000l\000a\000g\000e\000\040\000d\000e\000\040\000v\000o\000t\000r\000e\000\040\000f\000a\000c\000t\000u\000r\000i\000e\000r}{section.1.2}% 11
\BOOKMARK [2][-]{subsection.1.2.6}{\376\377\000C\000r\000\351\000a\000t\000i\000o\000n\000\040\000d\000e\000\040\000v\000o\000t\000r\000e\000\040\000p\000r\000e\000m\000i\000e\000r\000\040\000e\000x\000e\000r\000c\000i\000c\000e\000\040\000c\000o\000m\000p\000t\000a\000b\000l\000e}{section.1.2}% 12
\BOOKMARK [2][-]{subsection.1.2.7}{\376\377\000A\000j\000o\000u\000t\000\040\000d\000e\000s\000\040\000a\000d\000h\000\351\000r\000e\000n\000t\000s\000\040\000d\000e\000\040\000l\040\031\000a\000s\000s\000o\000c\000i\000a\000t\000i\000o\000n}{section.1.2}% 13
\BOOKMARK [2][-]{subsection.1.2.8}{\376\377\000M\000i\000s\000e\000\040\000\340\000\040\000j\000o\000u\000r\000s\000\040\000c\000o\000m\000p\000t\000a\000b\000l\000e}{section.1.2}% 14
\BOOKMARK [2][-]{subsection.1.2.9}{\376\377\000L\000e\000\040\000c\000o\000u\000r\000r\000i\000e\000l}{section.1.2}% 15
\BOOKMARK [2][-]{subsection.1.2.10}{\376\377\000L\000e\000s\000\040\000c\000a\000d\000r\000e\000s\000\040\000a\000s\000s\000o\000c\000i\000a\000t\000i\000f\000s}{section.1.2}% 16
\BOOKMARK [2][-]{subsection.1.2.11}{\376\377\000L\000a\000\040\000g\000e\000s\000t\000i\000o\000n\000s\000\040\000d\000o\000c\000u\000m\000e\000n\000t\000a\000i\000r\000e}{section.1.2}% 17
\BOOKMARK [0][-]{chapter.2}{\376\377\000D\000i\000a\000c\000a\000m\000m\000a\000\040\000a\000d\000h\000\351\000r\000e\000n\000t}{}% 18
\BOOKMARK [1][-]{section.2.1}{\376\377\000L\040\031\000a\000d\000h\000\351\000r\000e\000n\000t}{chapter.2}% 19
\BOOKMARK [1][-]{section.2.2}{\376\377\000R\000e\000c\000h\000e\000r\000c\000h\000e\000r\000\040\000u\000n\000\040\000a\000d\000h\000\351\000r\000e\000n\000t}{chapter.2}% 20
\BOOKMARK [1][-]{section.2.3}{\376\377\000L\000e\000s\000\040\000c\000o\000t\000i\000s\000a\000t\000i\000o\000n\000s}{chapter.2}% 21
\BOOKMARK [2][-]{subsection.2.3.1}{\376\377\000L\000e\000s\000\040\000\351\000t\000a\000t\000s\000\040\000d\040\031\000u\000n\000e\000\040\000c\000o\000t\000i\000s\000a\000t\000i\000o\000n\000s}{section.2.3}% 22
\BOOKMARK [1][-]{section.2.4}{\376\377\000R\000e\000n\000o\000u\000v\000e\000l\000l\000e\000m\000e\000n\000t\000s}{chapter.2}% 23
\BOOKMARK [1][-]{section.2.5}{\376\377\000S\000t\000a\000t\000i\000s\000t\000i\000q\000u\000e\000s\000\040\000d\000e\000s\000\040\000a\000d\000h\000\351\000r\000e\000n\000t\000s}{chapter.2}% 24
\BOOKMARK [1][-]{section.2.6}{\376\377\000C\000o\000n\000f\000i\000g\000u\000r\000a\000t\000i\000o\000n}{chapter.2}% 25
\BOOKMARK [2][-]{subsection.2.6.1}{\376\377\000S\000a\000i\000s\000o\000n\000s\000\040\000e\000t\000\040\000c\000o\000t\000i\000s\000a\000t\000i\000o\000n\000s}{section.2.6}% 26
\BOOKMARK [2][-]{subsection.2.6.2}{\376\377\000C\000a\000t\000\351\000g\000o\000r\000i\000e\000s}{section.2.6}% 27
\BOOKMARK [0][-]{chapter.3}{\376\377\000D\000i\000a\000c\000a\000m\000m\000a\000\040\000\351\000v\000e\000n\000e\000m\000e\000n\000t}{}% 28
\BOOKMARK [1][-]{section.3.1}{\376\377\000C\000r\000\351\000a\000t\000i\000o\000n\000\040\000d\040\031\000u\000n\000\040\000\351\000v\000e\000n\000e\000m\000e\000n\000t}{chapter.3}% 29
\BOOKMARK [1][-]{section.3.2}{\376\377\000S\000t\000a\000t\000i\000s\000t\000i\000q\000u\000e\000\040\000d\000e\000\040\000f\000o\000r\000m\000a\000t\000i\000o\000n}{chapter.3}% 30
\BOOKMARK [1][-]{section.3.3}{\376\377\000C\000o\000n\000f\000i\000g\000u\000r\000a\000t\000i\000o\000n\000s}{chapter.3}% 31
\BOOKMARK [0][-]{chapter.4}{\376\377\000D\000i\000a\000c\000a\000m\000m\000a\000\040\000c\000o\000m\000p\000t\000a\000b\000i\000l\000i\000t\000\351}{}% 32
\BOOKMARK [1][-]{section.4.1}{\376\377\000D\000e\000f\000i\000n\000i\000t\000i\000o\000n\000s}{chapter.4}% 33
\BOOKMARK [2][-]{subsection.4.1.1}{\376\377\000E\000x\000e\000r\000c\000i\000c\000e\000\040\000c\000o\000m\000p\000t\000a\000b\000l\000e}{section.4.1}% 34
\BOOKMARK [2][-]{subsection.4.1.2}{\376\377\000T\000i\000e\000r\000s\000\040\000c\000o\000m\000p\000t\000a\000b\000l\000e}{section.4.1}% 35
\BOOKMARK [2][-]{subsection.4.1.3}{\376\377\000J\000o\000u\000r\000n\000a\000u\000x\000\040\000c\000o\000m\000p\000t\000a\000b\000l\000e\000s}{section.4.1}% 36
\BOOKMARK [2][-]{subsection.4.1.4}{\376\377\000E\000c\000r\000i\000t\000u\000r\000e\000s\000\040\000c\000o\000m\000p\000t\000a\000b\000l\000e\000s}{section.4.1}% 37
\BOOKMARK [2][-]{subsection.4.1.5}{\376\377\000P\000l\000a\000n\000\040\000c\000o\000m\000p\000t\000a\000b\000l\000e\000\040\000d\000e\000\040\000l\040\031\000e\000x\000e\000r\000c\000i\000c\000e}{section.4.1}% 38
\BOOKMARK [1][-]{section.4.2}{\376\377\000E\000x\000e\000r\000c\000i\000c\000e}{chapter.4}% 39
\BOOKMARK [2][-]{subsection.4.2.1}{\376\377\000P\000a\000r\000a\000m\000\351\000t\000r\000a\000g\000e\000s}{section.4.2}% 40
\BOOKMARK [2][-]{subsection.4.2.2}{\376\377\000C\000r\000\351\000a\000t\000i\000o\000n\000\040\000d\040\031\000u\000n\000\040\000e\000x\000e\000r\000c\000i\000c\000e\000\040\000c\000o\000m\000p\000t\000a\000b\000l\000e}{section.4.2}% 41
\BOOKMARK [2][-]{subsection.4.2.3}{\376\377\000C\000r\000\351\000a\000t\000i\000o\000n\000,\000\040\000m\000o\000d\000i\000f\000i\000c\000a\000t\000i\000o\000n\000\040\000e\000t\000\040\000\351\000d\000i\000t\000i\000o\000n\000\040\000d\000e\000\040\000c\000o\000m\000p\000t\000e\000s\000\040\000d\000a\000n\000s\000\040\000l\000e\000\040\000p\000l\000a\000n}{section.4.2}% 42
\BOOKMARK [2][-]{subsection.4.2.4}{\376\377\000C\000l\000\364\000t\000u\000r\000e\000\040\000d\040\031\000u\000n\000\040\000e\000x\000e\000r\000c\000i\000c\000e}{section.4.2}% 43
\BOOKMARK [1][-]{section.4.3}{\376\377\000T\000i\000e\000r\000s\000\040\000c\000o\000m\000p\000t\000a\000b\000l\000e}{chapter.4}% 44
\BOOKMARK [2][-]{subsection.4.3.1}{\376\377\000C\000r\000\351\000a\000t\000i\000o\000n\000\040\000d\040\031\000u\000n\000\040\000t\000i\000e\000r\000s}{section.4.3}% 45
\BOOKMARK [2][-]{subsection.4.3.2}{\376\377\000S\000i\000t\000u\000a\000t\000i\000o\000n\000\040\000d\040\031\000u\000n\000\040\000t\000i\000e\000r\000s}{section.4.3}% 46
\BOOKMARK [2][-]{subsection.4.3.3}{\376\377\000C\000o\000n\000f\000i\000g\000u\000r\000a\000t\000i\000o\000n}{section.4.3}% 47
\BOOKMARK [1][-]{section.4.4}{\376\377\000E\000c\000r\000i\000t\000u\000r\000e\000s}{chapter.4}% 48
\BOOKMARK [2][-]{subsection.4.4.1}{\376\377\000S\000a\000i\000s\000i\000e\000\040\000d\040\031\000u\000n\000e\000\040\000\351\000c\000r\000i\000t\000u\000r\000e}{section.4.4}% 49
\BOOKMARK [2][-]{subsection.4.4.2}{\376\377\000L\000e\000t\000t\000r\000a\000g\000e\000\040\000d\040\031\000\351\000c\000r\000i\000t\000u\000r\000e\000s}{section.4.4}% 50
\BOOKMARK [2][-]{subsection.4.4.3}{\376\377\000V\000a\000l\000i\000d\000a\000t\000i\000o\000n\000\040\000d\040\031\000\351\000c\000r\000i\000t\000u\000r\000e\000s}{section.4.4}% 51
\BOOKMARK [2][-]{subsection.4.4.4}{\376\377\000R\000e\000c\000h\000e\000r\000c\000h\000e\000\040\000d\040\031\000\351\000c\000r\000i\000t\000u\000r\000e}{section.4.4}% 52
\BOOKMARK [2][-]{subsection.4.4.5}{\376\377\000I\000m\000p\000o\000r\000t\000\040\000d\040\031\000\351\000c\000r\000i\000t\000u\000r\000e\000s}{section.4.4}% 53
\BOOKMARK [1][-]{section.4.5}{\376\377\000C\000o\000m\000p\000t\000a\000b\000i\000l\000i\000t\000\351\000\040\000a\000n\000a\000l\000y\000t\000i\000q\000u\000e}{chapter.4}% 54
\BOOKMARK [2][-]{subsection.4.5.1}{\376\377\000L\000e\000s\000\040\000c\000o\000d\000e\000s\000\040\000a\000n\000a\000l\000y\000t\000i\000q\000u\000e\000s}{section.4.5}% 55
\BOOKMARK [2][-]{subsection.4.5.2}{\376\377\000I\000m\000p\000u\000t\000a\000t\000i\000o\000n\000\040\000a\000n\000a\000l\000y\000t\000i\000q\000u\000e\000\040\000d\040\031\000u\000n\000e\000\040\000\351\000c\000r\000i\000t\000u\000r\000e}{section.4.5}% 56
\BOOKMARK [2][-]{subsection.4.5.3}{\376\377\000I\000m\000p\000r\000e\000s\000s\000i\000o\000n\000s\000\040\000a\000n\000a\000l\000y\000t\000i\000q\000u\000e\000s}{section.4.5}% 57
\BOOKMARK [1][-]{section.4.6}{\376\377\000M\000o\000d\000\350\000l\000e}{chapter.4}% 58
\BOOKMARK [2][-]{subsection.4.6.1}{\376\377\000D\000\351\000c\000l\000a\000r\000a\000t\000i\000o\000n\000\040\000d\040\031\000u\000n\000\040\000m\000o\000d\000\350\000l\000e}{section.4.6}% 59
\BOOKMARK [2][-]{subsection.4.6.2}{\376\377\000U\000t\000i\000l\000i\000s\000a\000t\000i\000o\000n\000\040\000d\040\031\000u\000n\000\040\000m\000o\000d\000\350\000l\000e}{section.4.6}% 60
\BOOKMARK [1][-]{section.4.7}{\376\377\000B\000u\000d\000g\000e\000t\000\040\000p\000r\000\351\000v\000i\000s\000i\000o\000n\000n\000e\000l}{chapter.4}% 61
\BOOKMARK [2][-]{subsection.4.7.1}{\376\377\000B\000u\000d\000g\000e\000t\000\040\000p\000a\000r\000\040\000a\000n\000a\000l\000y\000t\000i\000q\000u\000e}{section.4.7}% 62
\BOOKMARK [2][-]{subsection.4.7.2}{\376\377\000B\000u\000d\000g\000e\000t\000\040\000p\000a\000r\000\040\000e\000x\000e\000r\000c\000i\000c\000e}{section.4.7}% 63
\BOOKMARK [1][-]{section.4.8}{\376\377\000R\000a\000p\000o\000r\000t\000s}{chapter.4}% 64
\BOOKMARK [2][-]{subsection.4.8.1}{\376\377\000C\000o\000m\000p\000t\000e\000\040\000d\000e\000\040\000r\000\351\000s\000u\000l\000t\000a\000t\000s}{section.4.8}% 65
\BOOKMARK [2][-]{subsection.4.8.2}{\376\377\000B\000i\000l\000a\000n}{section.4.8}% 66
\BOOKMARK [2][-]{subsection.4.8.3}{\376\377\000G\000r\000a\000n\000d\000\040\000l\000i\000v\000r\000e}{section.4.8}% 67
\BOOKMARK [2][-]{subsection.4.8.4}{\376\377\000B\000a\000l\000a\000n\000c\000e}{section.4.8}% 68
\BOOKMARK [2][-]{subsection.4.8.5}{\376\377\000L\000i\000s\000t\000i\000n\000g\000\040\000d\000e\000s\000\040\000\351\000c\000r\000i\000t\000u\000r\000e\000s}{section.4.8}% 69
\BOOKMARK [2][-]{subsection.4.8.6}{\376\377\000L\000i\000s\000t\000i\000n\000g\000\040\000d\000u\000\040\000p\000l\000a\000n\000\040\000c\000o\000m\000p\000t\000a\000b\000l\000e\000\040\000d\000e\000\040\000l\040\031\000e\000x\000e\000r\000c\000i\000c\000e}{section.4.8}% 70
\BOOKMARK [0][-]{chapter.5}{\376\377\000F\000a\000c\000t\000u\000r\000i\000e\000r\000\040\000D\000i\000a\000c\000a\000m\000m\000a}{}% 71
\BOOKMARK [1][-]{section.5.1}{\376\377\000L\000e\000s\000\040\000a\000r\000t\000i\000c\000l\000e\000s}{chapter.5}% 72
\BOOKMARK [2][-]{subsection.5.1.1}{\376\377\000C\000r\000\351\000a\000t\000i\000o\000n\000\040\000e\000t\000\040\000m\000o\000d\000i\000f\000i\000c\000a\000t\000i\000o\000n}{section.5.1}% 73
\BOOKMARK [2][-]{subsection.5.1.2}{\376\377\000L\000a\000\040\000f\000a\000c\000t\000u\000r\000e\000\040\000a\000v\000e\000c\000\040\000T\000V\000A}{section.5.1}% 74
\BOOKMARK [2][-]{subsection.5.1.3}{\376\377\000I\000m\000p\000o\000r\000t\000\040\000d\040\031\000a\000r\000t\000i\000c\000l\000e\000s}{section.5.1}% 75
\BOOKMARK [1][-]{section.5.2}{\376\377\000C\000r\000\351\000a\000t\000i\000o\000n\000\040\000d\000e\000\040\000f\000a\000c\000t\000u\000r\000e}{chapter.5}% 76
\BOOKMARK [2][-]{subsection.5.2.1}{\376\377\000C\000r\000\351\000a\000t\000i\000o\000n}{section.5.2}% 77
\BOOKMARK [2][-]{subsection.5.2.2}{\376\377\000C\000h\000a\000n\000g\000e\000m\000e\000n\000t\000\040\000d\040\031\000\351\000t\000a\000t}{section.5.2}% 78
\BOOKMARK [2][-]{subsection.5.2.3}{\376\377\000I\000m\000p\000r\000e\000s\000s\000i\000o\000n}{section.5.2}% 79
\BOOKMARK [2][-]{subsection.5.2.4}{\376\377\000P\000a\000i\000e\000m\000e\000n\000t}{section.5.2}% 80
\BOOKMARK [1][-]{section.5.3}{\376\377\000G\000e\000s\000t\000i\000o\000n\000\040\000d\000e\000\040\000s\000t\000o\000c\000k}{chapter.5}% 81
\BOOKMARK [2][-]{subsection.5.3.1}{\376\377\000B\000o\000r\000d\000e\000r\000e\000a\000u\000\040\000d\000e\000\040\000s\000t\000o\000c\000k\000a\000g\000e}{section.5.3}% 82
\BOOKMARK [2][-]{subsection.5.3.2}{\376\377\000S\000i\000t\000u\000a\000t\000i\000o\000n}{section.5.3}% 83
\BOOKMARK [2][-]{subsection.5.3.3}{\376\377\000H\000i\000s\000t\000o\000r\000i\000q\000u\000e}{section.5.3}% 84
\BOOKMARK [1][-]{section.5.4}{\376\377\000S\000t\000a\000t\000i\000s\000t\000i\000q\000u\000e\000s\000\040\000d\000e\000s\000\040\000v\000e\000n\000t\000e\000s}{chapter.5}% 85
\BOOKMARK [1][-]{section.5.5}{\376\377\000C\000o\000n\000f\000i\000g\000u\000r\000a\000t\000i\000o\000n\000\040\000e\000t\000\040\000p\000a\000r\000a\000m\000\351\000t\000r\000a\000g\000e}{chapter.5}% 86
\BOOKMARK [2][-]{subsection.5.5.1}{\376\377\000C\000a\000t\000\351\000g\000o\000r\000i\000e\000s}{section.5.5}% 87
\BOOKMARK [2][-]{subsection.5.5.2}{\376\377\000C\000h\000a\000m\000p\000\040\000p\000e\000r\000s\000o\000n\000n\000a\000l\000i\000s\000\351}{section.5.5}% 88
\BOOKMARK [2][-]{subsection.5.5.3}{\376\377\000L\000i\000e\000u\000\040\000d\000e\000\040\000s\000t\000o\000c\000k\000a\000g\000e}{section.5.5}% 89
\BOOKMARK [2][-]{subsection.5.5.4}{\376\377\000R\000\351\000d\000u\000c\000t\000i\000o\000n\000\040\000a\000u\000t\000o\000m\000a\000t\000i\000q\000u\000e}{section.5.5}% 90
\BOOKMARK [2][-]{subsection.5.5.5}{\376\377\000C\000o\000d\000e\000s\000\040\000d\040\031\000i\000m\000p\000u\000t\000a\000t\000i\000o\000n\000s\000\040\000c\000o\000m\000p\000t\000a\000b\000l\000e}{section.5.5}% 91
\BOOKMARK [2][-]{subsection.5.5.6}{\376\377\000C\000o\000d\000e\000s\000\040\000c\000o\000m\000p\000t\000a\000b\000l\000e\000s\000\040\000p\000a\000r\000\040\000d\000\351\000f\000a\000u\000t}{section.5.5}% 92
\BOOKMARK [2][-]{subsection.5.5.7}{\376\377\000L\000a\000\040\000c\000o\000n\000f\000i\000g\000u\000r\000a\000t\000i\000o\000n\000\040\000d\000e\000\040\000l\000a\000\040\000T\000V\000A}{section.5.5}% 93
\BOOKMARK [0][-]{chapter.6}{\376\377\000D\000i\000a\000c\000a\000m\000m\000a\000\040\000r\000\350\000g\000l\000e\000m\000e\000n\000t}{}% 94
\BOOKMARK [1][-]{section.6.1}{\376\377\000R\000\350\000g\000l\000e\000m\000e\000n\000t}{chapter.6}% 95
\BOOKMARK [1][-]{section.6.2}{\376\377\000D\000\351\000p\000\364\000t\000\040\000d\000e\000\040\000c\000h\000\350\000q\000u\000e\000s}{chapter.6}% 96
\BOOKMARK [1][-]{section.6.3}{\376\377\000C\000o\000n\000f\000i\000g\000u\000r\000a\000t\000i\000o\000n}{chapter.6}% 97
\BOOKMARK [2][-]{subsection.6.3.1}{\376\377\000C\000o\000m\000p\000t\000e\000\040\000b\000a\000n\000c\000a\000i\000r\000e}{section.6.3}% 98
\BOOKMARK [2][-]{subsection.6.3.2}{\376\377\000M\000o\000y\000e\000n\000\040\000d\000e\000\040\000p\000a\000i\000e\000m\000e\000n\000t}{section.6.3}% 99
\BOOKMARK [2][-]{subsection.6.3.3}{\376\377\000P\000a\000r\000a\000m\000\350\000t\000r\000e\000s}{section.6.3}% 100
\BOOKMARK [0][-]{chapter.7}{\376\377\000L\000u\000c\000t\000e\000r\000i\000o\000s\000\040\000c\000o\000n\000t\000a\000c\000t\000s}{}% 101
\BOOKMARK [1][-]{section.7.1}{\376\377\000L\000e\000s\000\040\000c\000o\000n\000t\000a\000c\000t\000\040\000p\000h\000y\000s\000i\000q\000u\000e\000s}{chapter.7}% 102
\BOOKMARK [2][-]{subsection.7.1.1}{\376\377\000L\000i\000s\000t\000e\000\040\000d\000e\000\040\000v\000o\000s\000\040\000c\000o\000n\000t\000a\000c\000t\000s\000\040\000p\000h\000y\000s\000i\000q\000u\000e\000s}{section.7.1}% 103
\BOOKMARK [2][-]{subsection.7.1.2}{\376\377\000E\000d\000i\000t\000i\000o\000n\000\040\000d\040\031\000u\000n\000\040\000c\000o\000n\000t\000a\000c\000t\000\040\000p\000h\000y\000s\000i\000q\000u\000e}{section.7.1}% 104
\BOOKMARK [2][-]{subsection.7.1.3}{\376\377\000V\000i\000s\000u\000a\000l\000i\000s\000a\000t\000i\000o\000n\000\040\000d\040\031\000u\000n\000\040\000c\000o\000n\000t\000a\000c\000t\000\040\000p\000h\000y\000s\000i\000q\000u\000e}{section.7.1}% 105
\BOOKMARK [2][-]{subsection.7.1.4}{\376\377\000R\000e\000c\000h\000e\000r\000c\000h\000e\000\040\000d\040\031\000u\000n\000\040\000c\000o\000n\000t\000a\000c\000t\000\040\000p\000h\000y\000s\000i\000q\000u\000e}{section.7.1}% 106
\BOOKMARK [1][-]{section.7.2}{\376\377\000L\000e\000s\000\040\000c\000o\000n\000t\000a\000c\000t\000s\000\040\000m\000o\000r\000a\000u\000x}{chapter.7}% 107
\BOOKMARK [2][-]{subsection.7.2.1}{\376\377\000L\000i\000s\000t\000e\000\040\000d\000e\000\040\000v\000o\000s\000\040\000c\000o\000n\000t\000a\000c\000t\000s\000\040\000m\000o\000r\000a\000u\000x}{section.7.2}% 108
\BOOKMARK [2][-]{subsection.7.2.2}{\376\377\000E\000d\000i\000t\000i\000o\000n\000\040\000d\040\031\000u\000n\000\040\000c\000o\000n\000t\000a\000c\000t\000\040\000m\000o\000r\000a\000l}{section.7.2}% 109
\BOOKMARK [2][-]{subsection.7.2.3}{\376\377\000V\000i\000s\000u\000a\000l\000i\000s\000a\000t\000i\000o\000n\000\040\000d\040\031\000u\000n\000\040\000c\000o\000n\000t\000a\000c\000t\000\040\000m\000o\000r\000a\000l}{section.7.2}% 110
\BOOKMARK [2][-]{subsection.7.2.4}{\376\377\000R\000e\000s\000p\000o\000n\000s\000a\000b\000l\000e\000s\000\040\000d\040\031\000u\000n\000\040\000c\000o\000n\000t\000a\000c\000t\000\040\000m\000o\000r\000a\000l}{section.7.2}% 111
\BOOKMARK [2][-]{subsection.7.2.5}{\376\377\000R\000e\000c\000h\000e\000r\000c\000h\000e\000\040\000d\040\031\000u\000n\000\040\000c\000o\000n\000t\000a\000c\000t\000\040\000m\000o\000r\000a\000l}{section.7.2}% 112
\BOOKMARK [1][-]{section.7.3}{\376\377\000C\000o\000n\000f\000i\000g\000u\000r\000a\000t\000i\000o\000n\000\040\000e\000t\000\040\000p\000a\000r\000a\000m\000\351\000t\000r\000a\000g\000e}{chapter.7}% 113
\BOOKMARK [2][-]{subsection.7.3.1}{\376\377\000C\000o\000n\000f\000i\000g\000u\000r\000a\000t\000i\000o\000n\000\040\000d\000e\000s\000\040\000c\000o\000n\000t\000a\000c\000t\000s}{section.7.3}% 114
\BOOKMARK [2][-]{subsection.7.3.2}{\376\377\000C\000o\000d\000e\000s\000\040\000p\000o\000s\000t\000a\000u\000x\000/\000v\000i\000l\000l\000e\000s}{section.7.3}% 115
\BOOKMARK [0][-]{chapter.8}{\376\377\000L\000u\000c\000t\000e\000r\000i\000o\000s\000\040\000c\000o\000u\000r\000i\000e\000r}{}% 116
\BOOKMARK [1][-]{section.8.1}{\376\377\000P\000u\000b\000l\000i\000p\000o\000s\000t\000a\000g\000e}{chapter.8}% 117
\BOOKMARK [2][-]{subsection.8.1.1}{\376\377\000C\000r\000\351\000a\000t\000i\000o\000n\000\040\000d\040\031\000u\000n\000\040\000m\000e\000s\000s\000a\000g\000e}{section.8.1}% 118
\BOOKMARK [2][-]{subsection.8.1.2}{\376\377\000V\000a\000l\000i\000d\000a\000t\000i\000o\000n\000\040\000\046\000\040\000t\000r\000a\000n\000s\000m\000i\000s\000s\000i\000o\000n}{section.8.1}% 119
\BOOKMARK [1][-]{section.8.2}{\376\377\000C\000o\000n\000f\000i\000g\000u\000r\000a\000t\000i\000o\000n\000\040\000d\000u\000\040\000c\000o\000u\000r\000i\000e\000l}{chapter.8}% 120
\BOOKMARK [0][-]{chapter.9}{\376\377\000L\000u\000c\000t\000e\000r\000i\000o\000s\000\040\000d\000o\000c\000u\000m\000e\000n\000t\000s}{}% 121
\BOOKMARK [1][-]{section.9.1}{\376\377\000F\000i\000c\000h\000i\000e\000r\000s\000\040\000p\000a\000r\000t\000a\000g\000\351\000s}{chapter.9}% 122
\BOOKMARK [2][-]{subsection.9.1.1}{\376\377\000L\000i\000s\000t\000e\000\040\000d\000e\000s\000\040\000d\000o\000c\000u\000m\000e\000n\000t\000s}{section.9.1}% 123
\BOOKMARK [2][-]{subsection.9.1.2}{\376\377\000R\000e\000c\000h\000e\000r\000c\000h\000e\000\040\000d\000e\000\040\000d\000o\000c\000u\000m\000e\000n\000t\000s}{section.9.1}% 124
\BOOKMARK [1][-]{section.9.2}{\376\377\000E\000d\000i\000t\000e\000u\000r\000\040\000d\000e\000\040\000d\000o\000c\000u\000m\000e\000n\000t\000s}{chapter.9}% 125
\BOOKMARK [2][-]{subsection.9.2.1}{\376\377\000e\000t\000h\000e\000r\000p\000a\000d}{section.9.2}% 126
\BOOKMARK [2][-]{subsection.9.2.2}{\376\377\000e\000t\000h\000e\000r\000c\000a\000l\000c}{section.9.2}% 127
\BOOKMARK [1][-]{section.9.3}{\376\377\000C\000o\000n\000f\000i\000g\000u\000r\000a\000t\000i\000o\000n}{chapter.9}% 128
\BOOKMARK [2][-]{subsection.9.3.1}{\376\377\000D\000o\000s\000s\000i\000e\000r\000s}{section.9.3}% 129
\BOOKMARK [0][-]{chapter.10}{\376\377\000C\000o\000e\000u\000r\000\040\000L\000u\000c\000t\000e\000r\000i\000o\000s}{}% 130
\BOOKMARK [1][-]{section.10.1}{\376\377\000M\000o\000t\000\040\000d\000e\000\040\000p\000a\000s\000s\000e}{chapter.10}% 131
\BOOKMARK [1][-]{section.10.2}{\376\377\000L\000e\000s\000\040\000g\000r\000o\000u\000p\000e\000s}{chapter.10}% 132
\BOOKMARK [1][-]{section.10.3}{\376\377\000L\000e\000s\000\040\000u\000t\000i\000l\000i\000s\000a\000t\000e\000u\000r\000s}{chapter.10}% 133
\BOOKMARK [1][-]{section.10.4}{\376\377\000L\040\031\000a\000r\000c\000h\000i\000t\000e\000c\000t\000u\000r\000e\000\040\000d\000u\000\040\000l\000o\000g\000i\000c\000i\000e\000l}{chapter.10}% 134
